!#ERROR:	dnaA'	c.-104A>C
!#ERROR:	dnaA'	c.-104A>G
!#ERROR:	dnaA'	c.-108G>A
!#ERROR:	dnaA'	c.-108G>T
!#ERROR:	dnaA'	c.-110_-109insTG
!#ERROR:	dnaA'	c.-110C>A
!#ERROR:	dnaA'	c.-111A>C
!#ERROR:	dnaA'	c.-111A>G
!#ERROR:	dnaA'	c.-112T>A
!#ERROR:	dnaA'	c.-113G>A
!#ERROR:	dnaA'	c.-113G>T
!#ERROR:	dnaA'	c.-114G>A
!#ERROR:	dnaA'	c.-115C>A
!#ERROR:	dnaA'	c.-116A>C
!#ERROR:	dnaA'	c.-116A>G
!#ERROR:	dnaA'	c.-117G>A
!#ERROR:	dnaA'	c.-11G>A
!#ERROR:	dnaA'	c.-121T>G
!#ERROR:	dnaA'	c.-123G>A
!#ERROR:	dnaA'	c.-124G>A
!#ERROR:	dnaA'	c.-124G>C
!#ERROR:	dnaA'	c.-126C>T
!#ERROR:	dnaA'	c.-128G>A
!#ERROR:	dnaA'	c.-128G>C
!#ERROR:	dnaA'	c.-129C>A
!#ERROR:	dnaA'	c.-133G>A
!#ERROR:	dnaA'	c.-133G>T
!#ERROR:	dnaA'	c.-138G>A
!#ERROR:	dnaA'	c.-139C>T
!#ERROR:	dnaA'	c.-13G>A
!#ERROR:	dnaA'	c.-13G>C
!#ERROR:	dnaA'	c.-140C>T
!#ERROR:	dnaA'	c.-141G>A
!#ERROR:	dnaA'	c.-141G>T
!#ERROR:	dnaA'	c.-142T>C
!#ERROR:	dnaA'	c.-144_-134delGTTGCCGGTAG
!#ERROR:	dnaA'	c.-144G>A
!#ERROR:	dnaA'	c.-145C>T
!#ERROR:	dnaA'	c.-147G>A
!#ERROR:	dnaA'	c.-149G>A
!#ERROR:	dnaA'	c.-149G>C
!#ERROR:	dnaA'	c.-149G>T
!#ERROR:	dnaA'	c.-14A>C
!#ERROR:	dnaA'	c.-151G>A
!#ERROR:	dnaA'	c.-152C>A
!#ERROR:	dnaA'	c.-153T>C
!#ERROR:	dnaA'	c.-155G>A
!#ERROR:	dnaA'	c.-155G>C
!#ERROR:	dnaA'	c.-156G>C
!#ERROR:	dnaA'	c.-158G>A
!#ERROR:	dnaA'	c.-159C>T
!#ERROR:	dnaA'	c.-15C>T
!#ERROR:	dnaA'	c.-160A>G
!#ERROR:	dnaA'	c.-161C>T
!#ERROR:	dnaA'	c.-162A>C
!#ERROR:	dnaA'	c.-163A>G
!#ERROR:	dnaA'	c.-167T>C
!#ERROR:	dnaA'	c.-169G>T
!#ERROR:	dnaA'	c.-16C>T
!#ERROR:	dnaA'	c.-171G>C
!#ERROR:	dnaA'	c.-171G>T
!#ERROR:	dnaA'	c.-172G>A
!#ERROR:	dnaA'	c.-173G>A
!#ERROR:	dnaA'	c.-17A>G
!#ERROR:	dnaA'	c.-181C>G
!#ERROR:	dnaA'	c.-184_-183insA
!#ERROR:	dnaA'	c.-184C>G
!#ERROR:	dnaA'	c.-186G>A
!#ERROR:	dnaA'	c.-186G>C
!#ERROR:	dnaA'	c.-187G>A
!#ERROR:	dnaA'	c.-191G>A
!#ERROR:	dnaA'	c.-191G>T
!#ERROR:	dnaA'	c.-192G>A
!#ERROR:	dnaA'	c.-192G>C
!#ERROR:	dnaA'	c.-194G>A
!#ERROR:	dnaA'	c.-194G>T
!#ERROR:	dnaA'	c.-197C>A
!#ERROR:	dnaA'	c.-199G>A
!#ERROR:	dnaA'	c.-19G>C
!#ERROR:	dnaA'	c.-201T>C
!#ERROR:	dnaA'	c.-201T>G
!#ERROR:	dnaA'	c.-204G>A
!#ERROR:	dnaA'	c.-205C>T
!#ERROR:	dnaA'	c.-206G>A
!#ERROR:	dnaA'	c.-206G>C
!#ERROR:	dnaA'	c.-207G>A
!#ERROR:	dnaA'	c.-207G>C
!#ERROR:	dnaA'	c.-209A>G
!#ERROR:	dnaA'	c.-20A>C
!#ERROR:	dnaA'	c.-210G>A
!#ERROR:	dnaA'	c.-211G>A
!#ERROR:	dnaA'	c.-211G>C
!#ERROR:	dnaA'	c.-212A>C
!#ERROR:	dnaA'	c.-213G>C
!#ERROR:	dnaA'	c.-214C>T
!#ERROR:	dnaA'	c.-215G>C
!#ERROR:	dnaA'	c.-216A>C
!#ERROR:	dnaA'	c.-219T>G
!#ERROR:	dnaA'	c.-221A>C
!#ERROR:	dnaA'	c.-221A>G
!#ERROR:	dnaA'	c.-223A>G
!#ERROR:	dnaA'	c.-224G>A
!#ERROR:	dnaA'	c.-224G>C
!#ERROR:	dnaA'	c.-226T>C
!#ERROR:	dnaA'	c.-226T>G
!#ERROR:	dnaA'	c.-22C>A
!#ERROR:	dnaA'	c.-230G>A
!#ERROR:	dnaA'	c.-231G>T
!#ERROR:	dnaA'	c.-232C>A
!#ERROR:	dnaA'	c.-236G>A
!#ERROR:	dnaA'	c.-237G>A
!#ERROR:	dnaA'	c.-238T>C
!#ERROR:	dnaA'	c.-239G>A
!#ERROR:	dnaA'	c.-241_-240insCGTGGAAACGGCACTCGA
!#ERROR:	dnaA'	c.-241G>A
!#ERROR:	dnaA'	c.-242A>C
!#ERROR:	dnaA'	c.-242A>G
!#ERROR:	dnaA'	c.-243C>T
!#ERROR:	dnaA'	c.-245T>G
!#ERROR:	dnaA'	c.-247G>T
!#ERROR:	dnaA'	c.-248C>A
!#ERROR:	dnaA'	c.-249C>T
!#ERROR:	dnaA'	c.-249delC
!#ERROR:	dnaA'	c.-250G>A
!#ERROR:	dnaA'	c.-251C>T
!#ERROR:	dnaA'	c.-254T>C
!#ERROR:	dnaA'	c.-257T>C
!#ERROR:	dnaA'	c.-259A>C
!#ERROR:	dnaA'	c.-260T>C
!#ERROR:	dnaA'	c.-261G>A
!#ERROR:	dnaA'	c.-261G>C
!#ERROR:	dnaA'	c.-263G>A
!#ERROR:	dnaA'	c.-263G>C
!#ERROR:	dnaA'	c.-264G>C
!#ERROR:	dnaA'	c.-266G>A
!#ERROR:	dnaA'	c.-266G>C
!#ERROR:	dnaA'	c.-267G>C
!#ERROR:	dnaA'	c.-268G>A
!#ERROR:	dnaA'	c.-268G>C
!#ERROR:	dnaA'	c.-272C>G
!#ERROR:	dnaA'	c.-273G>A
!#ERROR:	dnaA'	c.-280A>G
!#ERROR:	dnaA'	c.-281A>C
!#ERROR:	dnaA'	c.-285G>C
!#ERROR:	dnaA'	c.-286C>G
!#ERROR:	dnaA'	c.-289G>A
!#ERROR:	dnaA'	c.-289G>T
!#ERROR:	dnaA'	c.-291C>T
!#ERROR:	dnaA'	c.-293A>G
!#ERROR:	dnaA'	c.-299G>A
!#ERROR:	dnaA'	c.-29G>A
!#ERROR:	dnaA'	c.-300G>C
!#ERROR:	dnaA'	c.-302A>G
!#ERROR:	dnaA'	c.-307A>C
!#ERROR:	dnaA'	c.-30G>T
!#ERROR:	dnaA'	c.-311C>G
!#ERROR:	dnaA'	c.-311C>T
!#ERROR:	dnaA'	c.-312A>G
!#ERROR:	dnaA'	c.-31C>G
!#ERROR:	dnaA'	c.-32C>T
!#ERROR:	dnaA'	c.-33C>A
!#ERROR:	dnaA'	c.-33C>T
!#ERROR:	dnaA'	c.-33delC
!#ERROR:	dnaA'	c.-34A>G
!#ERROR:	dnaA'	c.-38C>A
!#ERROR:	dnaA'	c.-38C>G
!#ERROR:	dnaA'	c.-40A>C
!#ERROR:	dnaA'	c.-42G>A
!#ERROR:	dnaA'	c.-42G>C
!#ERROR:	dnaA'	c.-43G>A
!#ERROR:	dnaA'	c.-46C>A
!#ERROR:	dnaA'	c.-46C>G
!#ERROR:	dnaA'	c.-46delC
!#ERROR:	dnaA'	c.-47A>C
!#ERROR:	dnaA'	c.-47A>G
!#ERROR:	dnaA'	c.-48_-36delGACCCGGAACCAA
!#ERROR:	dnaA'	c.-48G>A
!#ERROR:	dnaA'	c.-48G>C
!#ERROR:	dnaA'	c.-51C>G
!#ERROR:	dnaA'	c.-52G>A
!#ERROR:	dnaA'	c.-52G>C
!#ERROR:	dnaA'	c.-54T>C
!#ERROR:	dnaA'	c.-55G>C
!#ERROR:	dnaA'	c.-57T>C
!#ERROR:	dnaA'	c.-58G>A
!#ERROR:	dnaA'	c.-59G>A
!#ERROR:	dnaA'	c.-63C>G
!#ERROR:	dnaA'	c.-63C>T
!#ERROR:	dnaA'	c.-66C>T
!#ERROR:	dnaA'	c.-68C>G
!#ERROR:	dnaA'	c.-68C>T
!#ERROR:	dnaA'	c.-69C>G
!#ERROR:	dnaA'	c.-69C>T
!#ERROR:	dnaA'	c.-70C>G
!#ERROR:	dnaA'	c.-71G>A
!#ERROR:	dnaA'	c.-73_-70delCTGCinsG
!#ERROR:	dnaA'	c.-73C>A
!#ERROR:	dnaA'	c.-74C>G
!#ERROR:	dnaA'	c.-74C>T
!#ERROR:	dnaA'	c.-76C>G
!#ERROR:	dnaA'	c.-76C>T
!#ERROR:	dnaA'	c.-77T>A
!#ERROR:	dnaA'	c.-78T>C
!#ERROR:	dnaA'	c.-81C>A
!#ERROR:	dnaA'	c.-81C>T
!#ERROR:	dnaA'	c.-82A>G
!#ERROR:	dnaA'	c.-83G>C
!#ERROR:	dnaA'	c.-84G>C
!#ERROR:	dnaA'	c.-84G>T
!#ERROR:	dnaA'	c.-89C>T
!#ERROR:	dnaA'	c.-91_-90insC
!#ERROR:	dnaA'	c.-91G>A
!#ERROR:	dnaA'	c.-91G>C
!#ERROR:	dnaA'	c.-91G>T
!#ERROR:	dnaA'	c.-93T>C
!#ERROR:	dnaA'	c.-95G>A
!#ERROR:	dnaA'	c.-98G>T
